{"name": "test_kanban", "status": "failed", "statusDetails": {"message": "AssertionError", "trace": "self = <testcases.test_04_projectPage.TestKanban object at 0x000001DD314D9A90>\nsetup = <selenium.webdriver.chrome.webdriver.WebDriver (session=\"0c92f83cabacdfd47beedbcd8306370a\")>\n\n    def test_kanban(self,setup):\n        logger=LogGen.loggen()\n        logger.info(\"*** starting test_004_project***\")\n    \n        self.driver=setup\n        cmnlogin=CommonLogin(self.driver)\n        cmnlogin.common_login()\n        # self.driver.refresh()\n    \n        dp=DashboardPage(self.driver)\n        dp.click_language()\n        dp.click_english()\n        time.sleep(1)\n        dp.click_project_leftside()\n    \n        pp=ProjectPage(self.driver)\n        pp.project_table_headings()\n>       pp.headline_projects()\n\ntestcases\\test_04_projectPage.py:27: \n_ _ _ _ _ _ _ _ _ _ _ _ _ _ _ _ _ _ _ _ _ _ _ _ _ _ _ _ _ _ _ _ _ _ _ _ _ _ _ _ _ _ _ _ _ _ _ _ _ _ _ _ _ _ _ _ _ _ _ _ _ _ _ _ _ _ _ _ _ _ _ _ _ _ _ _ _ _ _ _ _\n\nself = <pageobjects.project_page.ProjectPage object at 0x000001DD31507E80>\n\n    def headline_projects(self):\n        txt_proj=XLUtils.readData(self.path,\"Project_page\",3,1)\n        print(txt_proj)\n        webElement=WebDriverWait(self.driver, 20).until(EC.presence_of_element_located(LocatorsProjectPage.assert_headline_project)).text\n        print(webElement)\n        if webElement == txt_proj:\n            XLUtils.writeData(self.path,\"Project_page\",3,4,\"pass\")\n            XLUtils.fillGreenColor(self.path,\"Project_page\",3,4)\n            assert True\n        else:\n            XLUtils.writeData(self.path,\"Project_page\",3,4,\"failed\")\n            XLUtils.fillRedColor(self.path,\"Project_page\",3,4)\n            self.driver.save_screenshot(r\"C:\\\\Nagalakshmi\\\\PythonPractice\\\\BPMT admin_login\\\\screenshots\\\\failed_tc.png\")\n            allure.attach(self.driver.get_screenshot_as_png(), name=\"projects_Fail\", attachment_type=AttachmentType.PNG)\n>           assert False\nE           AssertionError\n\npageobjects\\project_page.py:58: AssertionError"}, "attachments": [{"name": "projects_Fail", "source": "e9f8c5aa-b12c-4dd3-a878-98f23d64eb74-attachment.png", "type": "image/png"}, {"name": "log", "source": "b3dd9b71-1901-44a7-98ce-19b94f99f7b0-attachment.txt", "type": "text/plain"}], "start": 1691126748399, "stop": 1691126797719, "uuid": "068fdd61-4940-438c-9b8b-3b6f434e0675", "historyId": "058ee4c5c2264619281193c57157e509", "testCaseId": "058ee4c5c2264619281193c57157e509", "fullName": "testcases.test_04_projectPage.TestKanban#test_kanban", "labels": [{"name": "parentSuite", "value": "testcases"}, {"name": "suite", "value": "test_04_projectPage"}, {"name": "subSuite", "value": "TestKanban"}, {"name": "host", "value": "DESKTOP-E5G1GJU"}, {"name": "thread", "value": "14796-MainThread"}, {"name": "framework", "value": "pytest"}, {"name": "language", "value": "cpython3"}, {"name": "package", "value": "testcases.test_04_projectPage"}]}